build/app/outputs/mapping/release/seeds.txt
com.yalantis.ucrop.R$layout: int abc_screen_simple
io.github.ponnamkarthik.toast.fluttertoast.R$id: int accessibility_custom_action_10
com.dexterous.flutterlocalnotifications.models.NotificationChannelDetails: java.lang.String id
com.google.firebase.perf.internal.GaugeManager: long TIME_TO_WAIT_BEFORE_FLUSHING_GAUGES_QUEUE_MS
com.dexterous.flutterlocalnotifications.models.styles.MessagingStyleInformation: java.util.ArrayList messages
androidx.appcompat.R$dimen: int abc_text_size_headline_material
androidx.appcompat.widget.AppCompatRadioButton: void setSupportBackgroundTintList(android.content.res.ColorStateList)
com.dexterous.flutterlocalnotifications.models.NotificationDetails: java.lang.String SHOW_PROGRESS
org.threeten.bp.OffsetDateTime: java.lang.Object writeReplace()
androidx.appcompat.R$styleable: int ActionMode_titleTextStyle
com.google.android.gms.internal.firebase-auth-api.zzfq: com.google.android.gms.internal.firebase-auth-api.zzym zze
com.dexterous.flutterlocalnotifications.FlutterLocalNotificationsPlugin: java.lang.String PERIODICALLY_SHOW_METHOD
com.yalantis.ucrop.R$string: int abc_action_bar_up_description
androidx.appcompat.R$dimen: int abc_control_padding_material
androidx.appcompat.R$attr: int spinBars
com.dexterous.flutterlocalnotifications.FlutterLocalNotificationsPlugin: java.lang.String GET_ACTIVE_NOTIFICATIONS_ERROR_MESSAGE
androidx.appcompat.R$color: int abc_search_url_text_pressed
androidx.appcompat.R$attr: int barLength
androidx.appcompat.resources.R$styleable: int[] AnimatedStateListDrawableCompat
androidx.appcompat.R$attr: int windowNoTitle
com.google.firebase.perf.v1.PerfMetric: com.google.firebase.perf.v1.PerfMetric DEFAULT_INSTANCE
com.yalantis.ucrop.R$styleable: int AppCompatImageView_srcCompat
com.yalantis.ucrop.view.TransformImageView: float getCurrentScale()
androidx.appcompat.resources.R$styleable: int GradientColor_android_type
com.yalantis.ucrop.R$drawable: int ucrop_ic_cross
com.dexterous.flutterlocalnotifications.models.NotificationChannelGroupDetails: java.lang.String ID
com.google.android.gms.measurement.AppMeasurement$ConditionalUserProperty: java.lang.String mTimedOutEventName
androidx.media.R$layout: int notification_action
com.google.firebase.firestore.proto.UnknownDocument: com.google.protobuf.Parser PARSER
androidx.appcompat.R$styleable: int MenuView_android_headerBackground
com.google.rpc.Status: com.google.protobuf.Internal$ProtobufList details_
com.google.firestore.v1.BatchGetDocumentsRequest: com.google.protobuf.Parser PARSER
androidx.appcompat.R$attr: int paddingTopNoTitle
androidx.appcompat.R$styleable: int AlertDialog_multiChoiceItemLayout
me.leolin.shortcutbadger.impl.SonyHomeBadger: SonyHomeBadger()
androidx.appcompat.R$styleable: int AppCompatTheme_colorPrimaryDark
androidx.appcompat.R$drawable: int abc_textfield_search_default_mtrl_alpha
androidx.appcompat.R$styleable: int AppCompatTheme_textAppearanceListItem
com.google.firestore.v1.DocumentRemove
com.dexterous.flutterlocalnotifications.models.NotificationDetails: java.lang.String BIG_TEXT
com.yalantis.ucrop.R$dimen: int abc_list_item_padding_horizontal_material
androidx.appcompat.R$id: int parentPanel
com.yalantis.ucrop.view.OverlayView: OverlayView(android.content.Context,android.util.AttributeSet,int)
com.google.firebase.firestore.core.DocumentViewChange$Type: com.google.firebase.firestore.core.DocumentViewChange$Type[] values()
com.dexterous.flutterlocalnotifications.models.NotificationDetails: java.lang.String BODY
com.google.firebase.perf.internal.GaugeManager: GaugeManager()
androidx.appcompat.R$attr: int dialogCornerRadius
androidx.appcompat.widget.ActionBarOverlayLayout: int getNestedScrollAxes()
androidx.appcompat.R$style: int Platform_Widget_AppCompat_Spinner
com.google.android.gms.internal.clearcut.zzge$zzd: int zztu
com.yalantis.ucrop.R$styleable: int AppCompatTextHelper_android_drawableBottom
com.yalantis.ucrop.R$id: int icon_group
androidx.appcompat.R$style: int Platform_V25_AppCompat_Light