build/app/outputs/mapping/release/mapping.txt
# compiler: R8
# compiler_version: 1.6.82
# min_api: 21
# pg_map_id: e1320b6
# common_typos_disable
...
com.google.android.gms.internal.firebase-auth-api.zzach -> c.d.a.b.g.i.l1:
    int zzb(int,byte[],int,int) -> a
    int zzd(java.lang.CharSequence,byte[],int,int) -> a
    int zze(byte[],int,long,int) -> a
    java.lang.String zzc(byte[],int,int) -> b
com.google.android.gms.internal.firebase-auth-api.zzaci -> c.d.a.b.g.i.m1:
    com.google.android.gms.internal.firebase-auth-api.zzace zza -> a
    boolean zza(byte[]) -> a
    boolean zzb(byte[],int,int) -> a
    int zzc(java.lang.CharSequence) -> a
    int zzd(java.lang.CharSequence,byte[],int,int) -> a
    int zzf(int,int) -> a
    int zzg(int,int,int) -> a
    int zzi(int) -> a
    java.lang.String zze(byte[],int,int) -> b
    int zzj(int) -> b
    int zzk(int,int) -> b
    int zzl(int,int,int) -> b
    int zzh(byte[],int,int) -> c
com.google.android.gms.internal.firebase-auth-api.zzacj -> c.d.a.b.g.i.n1:
    com.google.android.gms.internal.firebase-auth-api.zzacj zza -> d
    com.google.android.gms.internal.firebase-auth-api.zzack zzs -> c
    com.google.android.gms.internal.firebase-auth-api.zzacj zzi -> l
    com.google.android.gms.internal.firebase-auth-api.zzacj zzh -> k
    com.google.android.gms.internal.firebase-auth-api.zzacj zzg -> j
    com.google.android.gms.internal.firebase-auth-api.zzacj zzf -> i
    com.google.android.gms.internal.firebase-auth-api.zzacj zze -> h
    com.google.android.gms.internal.firebase-auth-api.zzacj zzd -> g
    com.google.android.gms.internal.firebase-auth-api.zzacj zzc -> f
    com.google.android.gms.internal.firebase-auth-api.zzacj[] zzt -> v
    com.google.android.gms.internal.firebase-auth-api.zzacj zzb -> e
    com.google.android.gms.internal.firebase-auth-api.zzacj zzq -> t
    com.google.android.gms.internal.firebase-auth-api.zzacj zzp -> s
    com.google.android.gms.internal.firebase-auth-api.zzacj zzo -> r
    com.google.android.gms.internal.firebase-auth-api.zzacj zzn -> q
    com.google.android.gms.internal.firebase-auth-api.zzacj zzm -> p
    com.google.android.gms.internal.firebase-auth-api.zzacj zzl -> o
    com.google.android.gms.internal.firebase-auth-api.zzacj zzk -> n
    com.google.android.gms.internal.firebase-auth-api.zzacj zzj -> m
    com.google.android.gms.internal.firebase-auth-api.zzacj zzr -> u
com.google.android.gms.internal.firebase-auth-api.zzack -> c.d.a.b.g.i.o1:
    com.google.android.gms.internal.firebase-auth-api.zzack zzb -> e
    com.google.android.gms.internal.firebase-auth-api.zzack zza -> d
    com.google.android.gms.internal.firebase-auth-api.zzack[] zzk -> m
    com.google.android.gms.internal.firebase-auth-api.zzack zzi -> l
    java.lang.Object zzj -> c
    com.google.android.gms.internal.firebase-auth-api.zzack zzh -> k
    com.google.android.gms.internal.firebase-auth-api.zzack zzg -> j
    com.google.android.gms.internal.firebase-auth-api.zzack zzf -> i
    com.google.android.gms.internal.firebase-auth-api.zzack zze -> h
    com.google.android.gms.internal.firebase-auth-api.zzack zzd -> g
    com.google.android.gms.internal.firebase-auth-api.zzack zzc -> f
com.google.android.gms.internal.firebase-auth-api.zzad -> c.d.a.b.g.i.p1:
    java.util.Iterator zza(com.google.android.gms.internal.firebase-auth-api.zzae,java.lang.CharSequence) -> a
com.google.android.gms.internal.firebase-auth-api.zzae -> c.d.a.b.g.i.q1:
    com.google.android.gms.internal.firebase-auth-api.zzp zza -> a
    com.google.android.gms.internal.firebase-auth-api.zzad zzb -> b
    com.google.android.gms.internal.firebase-auth-api.zzae zza(char) -> a
    com.google.android.gms.internal.firebase-auth-api.zzae zzb(java.lang.String) -> a
    java.util.List zzc(java.lang.CharSequence) -> a
    com.google.android.gms.internal.firebase-auth-api.zzp zzd(com.google.android.gms.internal.firebase-auth-api.zzae) -> a