build/app/outputs/mapping/release/usage.txt
androidx.media.MediaBrowserServiceCompat$MediaBrowserServiceImplApi26$1
com.google.android.gms.common.internal.ServiceSpecificExtraArgs
com.google.android.gms.internal.clearcut.zzge$zzp
androidx.media.AudioAttributesImpl:
    public abstract java.lang.Object getAudioAttributes()
    public abstract int getVolumeControlStream()
    public abstract int getLegacyStreamType()
    public abstract int getRawLegacyStreamType()
    public abstract int getContentType()
    public abstract int getUsage()
    public abstract int getFlags()
com.squareup.okhttp.internal.framed.FramedConnection$Listener$1
com.google.common.base.Suppliers$SupplierFunction
com.google.common.collect.TreeRangeSet$AsRanges
com.google.api.ServiceOrBuilder
com.google.android.gms.common.api.GoogleApiClient:
    public static void dumpAll(java.lang.String,java.io.FileDescriptor,java.io.PrintWriter,java.lang.String[])
    public com.google.android.gms.common.api.internal.ListenerHolder registerListener(java.lang.Object)
    public com.google.android.gms.common.api.Api$Client getClient(com.google.android.gms.common.api.Api$AnyClientKey)
    public boolean hasApi(com.google.android.gms.common.api.Api)
    public abstract boolean hasConnectedApi(com.google.android.gms.common.api.Api)
    public abstract com.google.android.gms.common.ConnectionResult getConnectionResult(com.google.android.gms.common.api.Api)
    public abstract com.google.android.gms.common.ConnectionResult blockingConnect(long,java.util.concurrent.TimeUnit)
    public abstract void stopAutoManage(androidx.fragment.app.FragmentActivity)
    public abstract boolean isConnecting()
    public abstract void registerConnectionCallbacks(com.google.android.gms.common.api.GoogleApiClient$ConnectionCallbacks)
    public abstract boolean isConnectionCallbacksRegistered(com.google.android.gms.common.api.GoogleApiClient$ConnectionCallbacks)
    public abstract void unregisterConnectionCallbacks(com.google.android.gms.common.api.GoogleApiClient$ConnectionCallbacks)
    public abstract boolean isConnectionFailedListenerRegistered(com.google.android.gms.common.api.GoogleApiClient$OnConnectionFailedListener)
    public void zaa(com.google.android.gms.common.api.internal.zaci)
com.google.cloud.audit.AuthenticationInfo$Builder
com.google.android.datatransport.Event:
    public static com.google.android.datatransport.Event ofData(int,java.lang.Object)
    public static com.google.android.datatransport.Event ofTelemetry(int,java.lang.Object)
    public static com.google.android.datatransport.Event ofUrgent(int,java.lang.Object)
com.google.common.reflect.ClassPath$DefaultScanner
com.google.common.eventbus.SubscriberRegistry$MethodIdentifier
com.google.common.collect.MapMakerInternalMap$WeakKeyStrongValueEntry
com.google.common.collect.Multimap
io.flutter.plugins.urllauncher.UrlLauncherPlugin:
    public static void registerWith(io.flutter.plugin.common.PluginRegistry$Registrar)
    private static final java.lang.String TAG
com.google.firebase.remoteconfig.RemoteConfigConstants$ExperimentDescriptionFieldKey
com.google.android.gms.actions.ReserveIntents
io.grpc.NameResolverProvider:
    public static java.util.List providers()
    public static io.grpc.NameResolver$Factory asFactory()
com.google.common.collect.TreeRangeSet$SubRangeSetRangesByLowerBound$1
io.grpc.Attributes:
    public static io.grpc.Attributes$Builder newBuilder(io.grpc.Attributes)
    public java.util.Set keys()
    java.util.Set keysForTest()
okhttp3.Cache$Entry
io.flutter.embedding.engine.deferredcomponents.PlayStoreDeferredComponentManager$1
io.grpc.inprocess.InProcessTransport$1
com.google.android.gms.internal.firebase-auth-api.zzg:
    private void <init>()
com.google.common.reflect.TypeToken$InterfaceSet
com.google.firebase.storage.TaskListenerImpl:
    public int getListenerCount()